Determining if the pthread_create exist failed with the following output:
Change Dir: /home/ubuntu/workspace/sandbox/scarborough/build/CMakeFiles/CMakeTmp

Run Build Command:/usr/bin/make "cmTryCompileExec459659548/fast"
make[1]: Entering directory `/home/ubuntu/workspace/sandbox/scarborough/build/CMakeFiles/CMakeTmp'
/usr/bin/make -f CMakeFiles/cmTryCompileExec459659548.dir/build.make CMakeFiles/cmTryCompileExec459659548.dir/build
make[2]: Entering directory `/home/ubuntu/workspace/sandbox/scarborough/build/CMakeFiles/CMakeTmp'
/usr/bin/cmake -E cmake_progress_report /home/ubuntu/workspace/sandbox/scarborough/build/CMakeFiles/CMakeTmp/CMakeFiles 1
Building C object CMakeFiles/cmTryCompileExec459659548.dir/CheckSymbolExists.c.o
/usr/bin/cc    -o CMakeFiles/cmTryCompileExec459659548.dir/CheckSymbolExists.c.o   -c /home/ubuntu/workspace/sandbox/scarborough/build/CMakeFiles/CMakeTmp/CheckSymbolExists.c
Linking C executable cmTryCompileExec459659548
/usr/bin/cmake -E cmake_link_script CMakeFiles/cmTryCompileExec459659548.dir/link.txt --verbose=1
/usr/bin/cc       CMakeFiles/cmTryCompileExec459659548.dir/CheckSymbolExists.c.o  -o cmTryCompileExec459659548 -rdynamic 
CMakeFiles/cmTryCompileExec459659548.dir/CheckSymbolExists.c.o: In function `main':
CheckSymbolExists.c:(.text+0xe): undefined reference to `pthread_create'
CheckSymbolExists.c:(.text+0x12): undefined reference to `pthread_create'
make[2]: Leaving directory `/home/ubuntu/workspace/sandbox/scarborough/build/CMakeFiles/CMakeTmp'
make[1]: Leaving directory `/home/ubuntu/workspace/sandbox/scarborough/build/CMakeFiles/CMakeTmp'
collect2: error: ld returned 1 exit status
make[2]: *** [cmTryCompileExec459659548] Error 1
make[1]: *** [cmTryCompileExec459659548/fast] Error 2

File /home/ubuntu/workspace/sandbox/scarborough/build/CMakeFiles/CMakeTmp/CheckSymbolExists.c:
/* */
#include <pthread.h>

int main(int argc, char** argv)
{
  (void)argv;
#ifndef pthread_create
  return ((int*)(&pthread_create))[argc];
#else
  (void)argc;
  return 0;
#endif
}

Determining if the function pthread_create exists in the pthreads failed with the following output:
Change Dir: /home/ubuntu/workspace/sandbox/scarborough/build/CMakeFiles/CMakeTmp

Run Build Command:/usr/bin/make "cmTryCompileExec1538514680/fast"
make[1]: Entering directory `/home/ubuntu/workspace/sandbox/scarborough/build/CMakeFiles/CMakeTmp'
/usr/bin/make -f CMakeFiles/cmTryCompileExec1538514680.dir/build.make CMakeFiles/cmTryCompileExec1538514680.dir/build
make[2]: Entering directory `/home/ubuntu/workspace/sandbox/scarborough/build/CMakeFiles/CMakeTmp'
/usr/bin/cmake -E cmake_progress_report /home/ubuntu/workspace/sandbox/scarborough/build/CMakeFiles/CMakeTmp/CMakeFiles 1
Building C object CMakeFiles/cmTryCompileExec1538514680.dir/CheckFunctionExists.c.o
/usr/bin/cc   -DCHECK_FUNCTION_EXISTS=pthread_create   -o CMakeFiles/cmTryCompileExec1538514680.dir/CheckFunctionExists.c.o   -c /usr/share/cmake-2.8/Modules/CheckFunctionExists.c
Linking C executable cmTryCompileExec1538514680
/usr/bin/cmake -E cmake_link_script CMakeFiles/cmTryCompileExec1538514680.dir/link.txt --verbose=1
/usr/bin/cc   -DCHECK_FUNCTION_EXISTS=pthread_create    CMakeFiles/cmTryCompileExec1538514680.dir/CheckFunctionExists.c.o  -o cmTryCompileExec1538514680 -rdynamic -lpthreads 
/usr/bin/ld: cannot find -lpthreads
make[2]: Leaving directory `/home/ubuntu/workspace/sandbox/scarborough/build/CMakeFiles/CMakeTmp'
make[1]: Leaving directory `/home/ubuntu/workspace/sandbox/scarborough/build/CMakeFiles/CMakeTmp'
collect2: error: ld returned 1 exit status
make[2]: *** [cmTryCompileExec1538514680] Error 1
make[1]: *** [cmTryCompileExec1538514680/fast] Error 2


